This is pdfTeX, Version 3.1415926-2.5-1.40.14 (MiKTeX 2.9 64-bit) (preloaded format=pdflatex 2014.9.9)  18 OCT 2014 12:16
entering extended mode
**C:/cygwin64/home/Mau/ZedPump/pumpSpec.tex
(C:/cygwin64/home/Mau/ZedPump/pumpSpec.tex
LaTeX2e <2011/06/27>
Babel <v3.8m> and hyphenation patterns for english, afrikaans, ancientgreek, ar
abic, armenian, assamese, basque, bengali, bokmal, bulgarian, catalan, coptic, 
croatian, czech, danish, dutch, esperanto, estonian, farsi, finnish, french, ga
lician, german, german-x-2013-05-26, greek, gujarati, hindi, hungarian, iceland
ic, indonesian, interlingua, irish, italian, kannada, kurmanji, latin, latvian,
 lithuanian, malayalam, marathi, mongolian, mongolianlmc, monogreek, ngerman, n
german-x-2013-05-26, nynorsk, oriya, panjabi, pinyin, polish, portuguese, roman
ian, russian, sanskrit, serbian, slovak, slovenian, spanish, swedish, swissgerm
an, tamil, telugu, turkish, turkmen, ukenglish, ukrainian, uppersorbian, usengl
ishmax, welsh, loaded.
("C:\Program Files\MiKTeX 2.9\tex\latex\base\article.cls"
Document Class: article 2007/10/19 v1.4h Standard LaTeX document class
("C:\Program Files\MiKTeX 2.9\tex\latex\base\size10.clo"
File: size10.clo 2007/10/19 v1.4h Standard LaTeX file (size option)
)
\c@part=\count79
\c@section=\count80
\c@subsection=\count81
\c@subsubsection=\count82
\c@paragraph=\count83
\c@subparagraph=\count84
\c@figure=\count85
\c@table=\count86
\abovecaptionskip=\skip41
\belowcaptionskip=\skip42
\bibindent=\dimen102
)
(C:\cygwin64\home\Mau\ZedPump\czt.sty
Package: czt 2008/10/01 v.1.0 Standard Z style file by the Community Z Tools

`Standard Z style file by the Community Z Tools' v.1.0 <2008/10/01>
Package czt Info: AMS fonts selected with default options on input line 86.
Package czt Info: Rendering Z math mode in monochrome. on input line 121.
\c@mv@czt=\count87
Package czt Info: Creating `czt' math version on input line 152.
\symstmry=\mathgroup4
LaTeX Font Info:    Redeclaring math alphabet \mathit on input line 159.
LaTeX Font Info:    Overwriting math alphabet `\mathrm' in version `czt'
(Font)                  OT1/cmr/m/n --> OT1/cmr/m/n on input line 163.
LaTeX Font Info:    Overwriting math alphabet `\mathbf' in version `czt'
(Font)                  OT1/cmr/bx/n --> OT1/cmr/bx/n on input line 164.
LaTeX Font Info:    Overwriting math alphabet `\mathsf' in version `czt'
(Font)                  OT1/cmss/m/n --> OT1/cmss/m/n on input line 165.
\symitalics=\mathgroup5
Package czt Info: Loading AMS font symbols for Z on input line 603.
\symAMSa=\mathgroup6
\symAMSb=\mathgroup7
Package czt Info: Current math version set to `czt' on input line 606.
Package czt Info: Setting math code for letters as Italics on input line 660.
Package czt Info: Counting Z declarations? YES  on input line 683.
\@zcountingwhat=\count88
\c@cntZunboxed=\count89
\c@cntZaxdef=\count90
\c@cntZgendef=\count91
\c@cntZschema=\count92
\c@cntZgenschema=\count93
\c@cntZdecl=\count94
\c@cntZtotunboxed=\count95
\c@cntZtotaxdef=\count96
\c@cntZtotgendef=\count97
\c@cntZtotschema=\count98
\c@cntZtotgenschema=\count99
\c@cntZtotdecl=\count100
\big@size=\dimen103
\zedtab=\dimen104
\zedindent=\dimen105
\zedleftsep=\dimen106
\zedbar=\dimen107
\interzedlinepenalty=\count101
\preboxpenalty=\count102
\forcepagepenalty=\count103
\zedskip=\skip43
Package czt Info: Initialising Z registers with default values.
(czt)                \zedtab=20.00003pt
(czt)                \zedindent=25.00003pt=\leftmargini
(czt)                \zedleftsep=10.00002pt
(czt)                \zedbar=60.00009pt
(czt)             
(czt)                \interzedlinepenalty=10000
(czt)                \preboxpenalty=0
(czt)                \forcepagepenalty=-10000
(czt)                \interdisplaylinepenalty=100
(czt)             
(czt)                \zedskip=6.0pt plus 3.99994pt minus 3.99994pt
(czt)                \zt@p=false 
(czt)                \CountDefstrue=true  on input line 947.
Package czt Info: Setting up Standard Z skipping and breaking on input line 979
.
Package czt Info: Setting up Standard Z LaTeX environments on input li